<?xml version="1.0" encoding="UTF-8"?>
<testsuite name="au.edu.sydney.pac.erp.client.ClientFactoryTest" tests="1" skipped="0" failures="0" errors="0" timestamp="2020-04-28T11:59:57" hostname="Ken-Desktop" time="0.002">
  <properties/>
  <testcase name="testMakeClient" classname="au.edu.sydney.pac.erp.client.ClientFactoryTest" time="0.002"/>
  <system-out><![CDATA[]]></system-out>
  <system-err><![CDATA[]]></system-err>
</testsuite>
