<?xml version="1.0" encoding="UTF-8"?>
<testsuite name="au.edu.sydney.pac.erp.feaa.FEAASystemQA" tests="2" skipped="0" failures="0" errors="0" timestamp="2020-04-28T11:59:57" hostname="Ken-Desktop" time="0.013">
  <properties/>
  <testcase name="QASystemTest1" classname="au.edu.sydney.pac.erp.feaa.FEAASystemQA" time="0.002"/>
  <testcase name="QASystemTest2" classname="au.edu.sydney.pac.erp.feaa.FEAASystemQA" time="0.011"/>
  <system-out><![CDATA[]]></system-out>
  <system-err><![CDATA[]]></system-err>
</testsuite>
