<?xml version="1.0" encoding="UTF-8"?>
<testsuite name="au.edu.sydney.pac.erp.feaa.FEAAFacadeImplTest" tests="140" skipped="0" failures="0" errors="0" timestamp="2020-04-28T11:59:57" hostname="Ken-Desktop" time="0.568">
  <properties/>
  <testcase name="testNullAuthProviderGetTotalLifetimeCom" classname="au.edu.sydney.pac.erp.feaa.FEAAFacadeImplTest" time="0.414"/>
  <testcase name="testClientProvider" classname="au.edu.sydney.pac.erp.feaa.FEAAFacadeImplTest" time="0.003"/>
  <testcase name="testNullAuthProviderReport" classname="au.edu.sydney.pac.erp.feaa.FEAAFacadeImplTest" time="0.001"/>
  <testcase name="testViewAllClientsEmptyList" classname="au.edu.sydney.pac.erp.feaa.FEAAFacadeImplTest" time="0.001"/>
  <testcase name="testInvalidIDGetAccountBalance" classname="au.edu.sydney.pac.erp.feaa.FEAAFacadeImplTest" time="0.001"/>
  <testcase name="testInvalidInitialInComingsAddAccount" classname="au.edu.sydney.pac.erp.feaa.FEAAFacadeImplTest" time="0.001"/>
  <testcase name="loginWhenAlreadyLoggedIn" classname="au.edu.sydney.pac.erp.feaa.FEAAFacadeImplTest" time="0.001"/>
  <testcase name="testGetAccountIncomings" classname="au.edu.sydney.pac.erp.feaa.FEAAFacadeImplTest" time="0.005"/>
  <testcase name="testInvalidAccountIDAddAccount" classname="au.edu.sydney.pac.erp.feaa.FEAAFacadeImplTest" time="0.001"/>
  <testcase name="testNotMatchingUnassignedClient" classname="au.edu.sydney.pac.erp.feaa.FEAAFacadeImplTest" time="0.002"/>
  <testcase name="testNullClientProviderAddAccount" classname="au.edu.sydney.pac.erp.feaa.FEAAFacadeImplTest" time="0.001"/>
  <testcase name="testInvalidIncomingsOnSetIncomings" classname="au.edu.sydney.pac.erp.feaa.FEAAFacadeImplTest" time="0.002"/>
  <testcase name="testGetAccountsByID" classname="au.edu.sydney.pac.erp.feaa.FEAAFacadeImplTest" time="0.003"/>
  <testcase name="testNullAuthProviderGetAccountBalance" classname="au.edu.sydney.pac.erp.feaa.FEAAFacadeImplTest" time="0.001"/>
  <testcase name="testNullAuthProviderAssignAssignClient" classname="au.edu.sydney.pac.erp.feaa.FEAAFacadeImplTest" time="0.001"/>
  <testcase name="testSetIncomingsEffectsOnOutcomings" classname="au.edu.sydney.pac.erp.feaa.FEAAFacadeImplTest" time="0.001"/>
  <testcase name="invalidOutgoingsSetOutgoings" classname="au.edu.sydney.pac.erp.feaa.FEAAFacadeImplTest" time="0.001"/>
  <testcase name="testNotAuthenticatedForViewAllClients" classname="au.edu.sydney.pac.erp.feaa.FEAAFacadeImplTest" time="0.001"/>
  <testcase name="testSetOutgoingsOnZero" classname="au.edu.sydney.pac.erp.feaa.FEAAFacadeImplTest" time="0.001"/>
  <testcase name="testLNameEmpty" classname="au.edu.sydney.pac.erp.feaa.FEAAFacadeImplTest" time="0.001"/>
  <testcase name="testInvalidAccountNameAddAccountA" classname="au.edu.sydney.pac.erp.feaa.FEAAFacadeImplTest" time="0.001"/>
  <testcase name="testInvalidAccountNameAddAccountB" classname="au.edu.sydney.pac.erp.feaa.FEAAFacadeImplTest" time="0.001"/>
  <testcase name="testEmptyInitClientList" classname="au.edu.sydney.pac.erp.feaa.FEAAFacadeImplTest" time="0.001"/>
  <testcase name="InvalidInputLogin" classname="au.edu.sydney.pac.erp.feaa.FEAAFacadeImplTest" time="0.001"/>
  <testcase name="testInvalidInitialOutGoingsAddAccount" classname="au.edu.sydney.pac.erp.feaa.FEAAFacadeImplTest" time="0.001"/>
  <testcase name="testDuplicateAccountIDAddAccount" classname="au.edu.sydney.pac.erp.feaa.FEAAFacadeImplTest" time="0.002"/>
  <testcase name="nullClientProviderGetAccountName" classname="au.edu.sydney.pac.erp.feaa.FEAAFacadeImplTest" time="0.001"/>
  <testcase name="testNullAuthProviderGetAccountsWithID" classname="au.edu.sydney.pac.erp.feaa.FEAAFacadeImplTest" time="0.001"/>
  <testcase name="testUnMatchingIDGetAccountBalance" classname="au.edu.sydney.pac.erp.feaa.FEAAFacadeImplTest" time="0.001"/>
  <testcase name="testLoginNotAuth" classname="au.edu.sydney.pac.erp.feaa.FEAAFacadeImplTest" time="0.0"/>
  <testcase name="testFNameNull" classname="au.edu.sydney.pac.erp.feaa.FEAAFacadeImplTest" time="0.0"/>
  <testcase name="testNullAuthProviderGetAccounts" classname="au.edu.sydney.pac.erp.feaa.FEAAFacadeImplTest" time="0.0"/>
  <testcase name="notAuthGetAccountIncomings" classname="au.edu.sydney.pac.erp.feaa.FEAAFacadeImplTest" time="0.001"/>
  <testcase name="notLoggedInGetAccountOutgoings" classname="au.edu.sydney.pac.erp.feaa.FEAAFacadeImplTest" time="0.001"/>
  <testcase name="testInvalidClientIDOnUnassigned" classname="au.edu.sydney.pac.erp.feaa.FEAAFacadeImplTest" time="0.001"/>
  <testcase name="testAddClientNotLoggedIn" classname="au.edu.sydney.pac.erp.feaa.FEAAFacadeImplTest" time="0.0"/>
  <testcase name="invalidIDGetAccountName" classname="au.edu.sydney.pac.erp.feaa.FEAAFacadeImplTest" time="0.001"/>
  <testcase name="testNotLoggedInViewAllClients" classname="au.edu.sydney.pac.erp.feaa.FEAAFacadeImplTest" time="0.001"/>
  <testcase name="testGetAccountName" classname="au.edu.sydney.pac.erp.feaa.FEAAFacadeImplTest" time="0.0"/>
  <testcase name="testInvalidAssignClientDepartmentCode" classname="au.edu.sydney.pac.erp.feaa.FEAAFacadeImplTest" time="0.0"/>
  <testcase name="testNullAuthProviderOnGetOutgoings" classname="au.edu.sydney.pac.erp.feaa.FEAAFacadeImplTest" time="0.001"/>
  <testcase name="unMatchingIDGetAccountName" classname="au.edu.sydney.pac.erp.feaa.FEAAFacadeImplTest" time="0.0"/>
  <testcase name="testNotLoggedInAssignClient" classname="au.edu.sydney.pac.erp.feaa.FEAAFacadeImplTest" time="0.001"/>
  <testcase name="testInvalidIDSetReportPref" classname="au.edu.sydney.pac.erp.feaa.FEAAFacadeImplTest" time="0.001"/>
  <testcase name="testInvalidEntryOnGetOutgoings" classname="au.edu.sydney.pac.erp.feaa.FEAAFacadeImplTest" time="0.001"/>
  <testcase name="testNullClientProviderOnSetIncomings" classname="au.edu.sydney.pac.erp.feaa.FEAAFacadeImplTest" time="0.0"/>
  <testcase name="testNotLoggedInGetTotalLifetimeCom" classname="au.edu.sydney.pac.erp.feaa.FEAAFacadeImplTest" time="0.002"/>
  <testcase name="testGetAllClientsA" classname="au.edu.sydney.pac.erp.feaa.FEAAFacadeImplTest" time="0.002"/>
  <testcase name="testNotAuthInGetAccountInComings" classname="au.edu.sydney.pac.erp.feaa.FEAAFacadeImplTest" time="0.001"/>
  <testcase name="testEmailProviderNullMakeReport" classname="au.edu.sydney.pac.erp.feaa.FEAAFacadeImplTest" time="0.004"/>
  <testcase name="testNullClientProviderGetAccountInComings" classname="au.edu.sydney.pac.erp.feaa.FEAAFacadeImplTest" time="0.001"/>
  <testcase name="testGetAccounts" classname="au.edu.sydney.pac.erp.feaa.FEAAFacadeImplTest" time="0.001"/>
  <testcase name="notLoggedInGetAccountName" classname="au.edu.sydney.pac.erp.feaa.FEAAFacadeImplTest" time="0.001"/>
  <testcase name="testNotAuthSetAccountIncomings" classname="au.edu.sydney.pac.erp.feaa.FEAAFacadeImplTest" time="0.001"/>
  <testcase name="testGetAccountsByIDEmpty" classname="au.edu.sydney.pac.erp.feaa.FEAAFacadeImplTest" time="0.002"/>
  <testcase name="testNotAuthenticatedForGetAllClients" classname="au.edu.sydney.pac.erp.feaa.FEAAFacadeImplTest" time="0.0"/>
  <testcase name="testLogOutNullAuth" classname="au.edu.sydney.pac.erp.feaa.FEAAFacadeImplTest" time="0.0"/>
  <testcase name="testNotAuthGetAccounts" classname="au.edu.sydney.pac.erp.feaa.FEAAFacadeImplTest" time="0.001"/>
  <testcase name="testPhoneNumberNull" classname="au.edu.sydney.pac.erp.feaa.FEAAFacadeImplTest" time="0.001"/>
  <testcase name="testSetReportPreferencesAndMakeReport" classname="au.edu.sydney.pac.erp.feaa.FEAAFacadeImplTest" time="0.002"/>
  <testcase name="testViewAllClients" classname="au.edu.sydney.pac.erp.feaa.FEAAFacadeImplTest" time="0.002"/>
  <testcase name="testSetIncomingsZero" classname="au.edu.sydney.pac.erp.feaa.FEAAFacadeImplTest" time="0.001"/>
  <testcase name="testNotLoginGetAccountsWithID" classname="au.edu.sydney.pac.erp.feaa.FEAAFacadeImplTest" time="0.001"/>
  <testcase name="testGetAllClients" classname="au.edu.sydney.pac.erp.feaa.FEAAFacadeImplTest" time="0.001"/>
  <testcase name="testInvalidAssignClientID" classname="au.edu.sydney.pac.erp.feaa.FEAAFacadeImplTest" time="0.001"/>
  <testcase name="testNullAuthProviderGetAccountInComings" classname="au.edu.sydney.pac.erp.feaa.FEAAFacadeImplTest" time="0.0"/>
  <testcase name="testEmptyGetAccounts" classname="au.edu.sydney.pac.erp.feaa.FEAAFacadeImplTest" time="0.001"/>
  <testcase name="testFNameEmpty" classname="au.edu.sydney.pac.erp.feaa.FEAAFacadeImplTest" time="0.001"/>
  <testcase name="testGetTotalLifeTimeCom" classname="au.edu.sydney.pac.erp.feaa.FEAAFacadeImplTest" time="0.002"/>
  <testcase name="testNullClientProviderGetAccountBalance" classname="au.edu.sydney.pac.erp.feaa.FEAAFacadeImplTest" time="0.0"/>
  <testcase name="testAlreadyAssignedClient" classname="au.edu.sydney.pac.erp.feaa.FEAAFacadeImplTest" time="0.001"/>
  <testcase name="testPhoneNumberEmpty" classname="au.edu.sydney.pac.erp.feaa.FEAAFacadeImplTest" time="0.001"/>
  <testcase name="testNullClientProviderAssignClient" classname="au.edu.sydney.pac.erp.feaa.FEAAFacadeImplTest" time="0.0"/>
  <testcase name="testInvalidClientIDGetAccounts" classname="au.edu.sydney.pac.erp.feaa.FEAAFacadeImplTest" time="0.0"/>
  <testcase name="testNullClientProviderOnGetOutGoings" classname="au.edu.sydney.pac.erp.feaa.FEAAFacadeImplTest" time="0.001"/>
  <testcase name="testUnMatchingAccountGetAccountsWithID" classname="au.edu.sydney.pac.erp.feaa.FEAAFacadeImplTest" time="0.001"/>
  <testcase name="testNullClientProviderGetAccountsWithID" classname="au.edu.sydney.pac.erp.feaa.FEAAFacadeImplTest" time="0.0"/>
  <testcase name="nullAuthProviderGetAccountName" classname="au.edu.sydney.pac.erp.feaa.FEAAFacadeImplTest" time="0.001"/>
  <testcase name="testAddAccount" classname="au.edu.sydney.pac.erp.feaa.FEAAFacadeImplTest" time="0.001"/>
  <testcase name="testPrintProvidersNullMakeReport" classname="au.edu.sydney.pac.erp.feaa.FEAAFacadeImplTest" time="0.002"/>
  <testcase name="testNotLoggedInGetAccountBalance" classname="au.edu.sydney.pac.erp.feaa.FEAAFacadeImplTest" time="0.0"/>
  <testcase name="testInvalidPhoneNumberAddAccountA" classname="au.edu.sydney.pac.erp.feaa.FEAAFacadeImplTest" time="0.0"/>
  <testcase name="testInvalidPhoneNumberAddAccountB" classname="au.edu.sydney.pac.erp.feaa.FEAAFacadeImplTest" time="0.001"/>
  <testcase name="testSetOutgoings" classname="au.edu.sydney.pac.erp.feaa.FEAAFacadeImplTest" time="0.001"/>
  <testcase name="testAddClient" classname="au.edu.sydney.pac.erp.feaa.FEAAFacadeImplTest" time="0.001"/>
  <testcase name="testNotLoggedInForGetAllClients" classname="au.edu.sydney.pac.erp.feaa.FEAAFacadeImplTest" time="0.0"/>
  <testcase name="testInvalidPhoneFormFormat" classname="au.edu.sydney.pac.erp.feaa.FEAAFacadeImplTest" time="0.001"/>
  <testcase name="testGetAllClientsFromNullClientProvider" classname="au.edu.sydney.pac.erp.feaa.FEAAFacadeImplTest" time="0.001"/>
  <testcase name="testNotLoggedInGetAccounts" classname="au.edu.sydney.pac.erp.feaa.FEAAFacadeImplTest" time="0.0"/>
  <testcase name="testReportProviderNullMakeReport" classname="au.edu.sydney.pac.erp.feaa.FEAAFacadeImplTest" time="0.001"/>
  <testcase name="testViewAllClientNullClientProvider" classname="au.edu.sydney.pac.erp.feaa.FEAAFacadeImplTest" time="0.001"/>
  <testcase name="testNullAuthProviderAddAccount" classname="au.edu.sydney.pac.erp.feaa.FEAAFacadeImplTest" time="0.001"/>
  <testcase name="testUnMatchingClientIDAddAccount" classname="au.edu.sydney.pac.erp.feaa.FEAAFacadeImplTest" time="0.001"/>
  <testcase name="testInvalidIDOnSetIncomings" classname="au.edu.sydney.pac.erp.feaa.FEAAFacadeImplTest" time="0.001"/>
  <testcase name="testFaxProviderNullMakeReport" classname="au.edu.sydney.pac.erp.feaa.FEAAFacadeImplTest" time="0.001"/>
  <testcase name="testLNameNull" classname="au.edu.sydney.pac.erp.feaa.FEAAFacadeImplTest" time="0.0"/>
  <testcase name="testNotMatchingAccountIDReport" classname="au.edu.sydney.pac.erp.feaa.FEAAFacadeImplTest" time="0.001"/>
  <testcase name="testGetAllClientsFromNullAuth" classname="au.edu.sydney.pac.erp.feaa.FEAAFacadeImplTest" time="0.0"/>
  <testcase name="testUnMatchingClientIDGetAccountInComings" classname="au.edu.sydney.pac.erp.feaa.FEAAFacadeImplTest" time="0.001"/>
  <testcase name="testNotAuthGetTotalLifetimeCom" classname="au.edu.sydney.pac.erp.feaa.FEAAFacadeImplTest" time="0.002"/>
  <testcase name="testInvalidClientIDGetAccountInComings" classname="au.edu.sydney.pac.erp.feaa.FEAAFacadeImplTest" time="0.001"/>
  <testcase name="testNullAccountIDAddAccount" classname="au.edu.sydney.pac.erp.feaa.FEAAFacadeImplTest" time="0.001"/>
  <testcase name="testNotLoggedInGetAccountInComings" classname="au.edu.sydney.pac.erp.feaa.FEAAFacadeImplTest" time="0.001"/>
  <testcase name="testNotLoggedInSetOutgoings" classname="au.edu.sydney.pac.erp.feaa.FEAAFacadeImplTest" time="0.001"/>
  <testcase name="invalidIDSetOutgoings" classname="au.edu.sydney.pac.erp.feaa.FEAAFacadeImplTest" time="0.0"/>
  <testcase name="testAssignClientA" classname="au.edu.sydney.pac.erp.feaa.FEAAFacadeImplTest" time="0.003"/>
  <testcase name="testAssignClientB" classname="au.edu.sydney.pac.erp.feaa.FEAAFacadeImplTest" time="0.002"/>
  <testcase name="testNullAuthProviderSetOutgoings" classname="au.edu.sydney.pac.erp.feaa.FEAAFacadeImplTest" time="0.0"/>
  <testcase name="testLogInNullAuth" classname="au.edu.sydney.pac.erp.feaa.FEAAFacadeImplTest" time="0.001"/>
  <testcase name="testInvalidClientIDAddAccountA" classname="au.edu.sydney.pac.erp.feaa.FEAAFacadeImplTest" time="0.0"/>
  <testcase name="testInvalidClientIDAddAccountB" classname="au.edu.sydney.pac.erp.feaa.FEAAFacadeImplTest" time="0.001"/>
  <testcase name="testSetIncomings" classname="au.edu.sydney.pac.erp.feaa.FEAAFacadeImplTest" time="0.001"/>
  <testcase name="testLoginAfterLogOut" classname="au.edu.sydney.pac.erp.feaa.FEAAFacadeImplTest" time="0.0"/>
  <testcase name="testNotAuthInSetOutgoings" classname="au.edu.sydney.pac.erp.feaa.FEAAFacadeImplTest" time="0.001"/>
  <testcase name="testNotAuthenticatedViewAllClients" classname="au.edu.sydney.pac.erp.feaa.FEAAFacadeImplTest" time="0.0"/>
  <testcase name="testUnMatchingClientIDOnSetIncomings" classname="au.edu.sydney.pac.erp.feaa.FEAAFacadeImplTest" time="0.001"/>
  <testcase name="testNotMatchingAccountIDSetReportPrefAndMakeReport" classname="au.edu.sydney.pac.erp.feaa.FEAAFacadeImplTest" time="0.001"/>
  <testcase name="testGetAccountOutgoings" classname="au.edu.sydney.pac.erp.feaa.FEAAFacadeImplTest" time="0.0"/>
  <testcase name="testNotLoggedInReport" classname="au.edu.sydney.pac.erp.feaa.FEAAFacadeImplTest" time="0.001"/>
  <testcase name="testAllFalseSetReport" classname="au.edu.sydney.pac.erp.feaa.FEAAFacadeImplTest" time="0.001"/>
  <testcase name="notAuthGetAccountName" classname="au.edu.sydney.pac.erp.feaa.FEAAFacadeImplTest" time="0.001"/>
  <testcase name="testNullAuthProviderOnSetIncomings" classname="au.edu.sydney.pac.erp.feaa.FEAAFacadeImplTest" time="0.001"/>
  <testcase name="testUnMatchingIDSetOutgoings" classname="au.edu.sydney.pac.erp.feaa.FEAAFacadeImplTest" time="0.0"/>
  <testcase name="testNullAuthProviderAddClient" classname="au.edu.sydney.pac.erp.feaa.FEAAFacadeImplTest" time="0.001"/>
  <testcase name="testNotLoggedInAddAccount" classname="au.edu.sydney.pac.erp.feaa.FEAAFacadeImplTest" time="0.0"/>
  <testcase name="testNotAuthGetAccountBalance" classname="au.edu.sydney.pac.erp.feaa.FEAAFacadeImplTest" time="0.001"/>
  <testcase name="testUnMatchingAccountIDOnGetOutGoings" classname="au.edu.sydney.pac.erp.feaa.FEAAFacadeImplTest" time="0.001"/>
  <testcase name="testNullClientProviderAddClient" classname="au.edu.sydney.pac.erp.feaa.FEAAFacadeImplTest" time="0.001"/>
  <testcase name="testNullClientProviderSetOutgoings" classname="au.edu.sydney.pac.erp.feaa.FEAAFacadeImplTest" time="0.001"/>
  <testcase name="testUnAuthAddAccount" classname="au.edu.sydney.pac.erp.feaa.FEAAFacadeImplTest" time="0.0"/>
  <testcase name="testClientProviderNullMakeReport" classname="au.edu.sydney.pac.erp.feaa.FEAAFacadeImplTest" time="0.001"/>
  <testcase name="testNotAuthInReport" classname="au.edu.sydney.pac.erp.feaa.FEAAFacadeImplTest" time="0.002"/>
  <testcase name="testDoubleLogOut" classname="au.edu.sydney.pac.erp.feaa.FEAAFacadeImplTest" time="0.0"/>
  <testcase name="testFailedAuthenticationAssignClient" classname="au.edu.sydney.pac.erp.feaa.FEAAFacadeImplTest" time="0.0"/>
  <testcase name="testNotLoggedInSetAccountIncomings" classname="au.edu.sydney.pac.erp.feaa.FEAAFacadeImplTest" time="0.001"/>
  <testcase name="testAddClientInvalidLogInAuthenticationFail" classname="au.edu.sydney.pac.erp.feaa.FEAAFacadeImplTest" time="0.0"/>
  <testcase name="testNotAuthGetAccountsWithID" classname="au.edu.sydney.pac.erp.feaa.FEAAFacadeImplTest" time="0.001"/>
  <testcase name="testInvalidParamGetTotalLifetimeCom" classname="au.edu.sydney.pac.erp.feaa.FEAAFacadeImplTest" time="0.004"/>
  <testcase name="testInvalidAccountIDAddAccountC" classname="au.edu.sydney.pac.erp.feaa.FEAAFacadeImplTest" time="0.001"/>
  <testcase name="testGetAccountBalance" classname="au.edu.sydney.pac.erp.feaa.FEAAFacadeImplTest" time="0.001"/>
  <system-out><![CDATA[]]></system-out>
  <system-err><![CDATA[]]></system-err>
</testsuite>
